<?xml version="1.0" encoding="UTF-8"?>
<testng-results ignored="0" total="1" passed="1" failed="0" skipped="0">
  <reporter-output>
  </reporter-output>
  <suite started-at="2022-08-18T15:32:56 IST" name="Default suite" finished-at="2022-08-18T15:33:23 IST" duration-ms="26969">
    <groups>
    </groups>
    <test started-at="2022-08-18T15:32:56 IST" name="Default test" finished-at="2022-08-18T15:33:23 IST" duration-ms="26969">
      <class name="com.crm.Oraganization.CreateOrganization">
        <test-method signature="method()[pri:0, instance:com.crm.Oraganization.CreateOrganization@4d5b6aac]" started-at="2022-08-18T15:32:57 IST" name="method" finished-at="2022-08-18T15:33:23 IST" duration-ms="26225" status="PASS">
          <reporter-output>
          </reporter-output>
        </test-method> <!-- method -->
      </class> <!-- com.crm.Oraganization.CreateOrganization -->
    </test> <!-- Default test -->
  </suite> <!-- Default suite -->
</testng-results>
